<?xml version="1.0" encoding="UTF-8"?>
<testsuite xmlns:xsi="http://www.w3.org/2001/XMLSchema-instance" xsi:noNamespaceSchemaLocation="https://maven.apache.org/surefire/maven-surefire-plugin/xsd/surefire-test-report.xsd" name="com.learnkafka.libraryeventsproducer.unit.controller.producer.LibraryControllerUnitTest" time="0.549" tests="4" errors="4" skipped="0" failures="0">
  <properties>
[...]
</properties>
  <testcase name="postLibraryEvent" classname="com.learnkafka.libraryeventsproducer.unit.controller.producer.LibraryControllerUnitTest" time="0.008">
    <error message="org.hamcrest.core.Is cannot be cast to com.learnkafka.libraryeventsproducer.domain.LibraryEvent" type="java.lang.ClassCastException">java.lang.ClassCastException: org.hamcrest.core.Is cannot be cast to com.learnkafka.libraryeventsproducer.domain.LibraryEvent
	at com.learnkafka.libraryeventsproducer.unit.controller.producer.LibraryControllerUnitTest.postLibraryEvent(LibraryControllerUnitTest.java:44)
</error>
    <system-out><![CDATA[2021-06-27 16:07:52.682  INFO 19396 --- [           main] .b.t.a.w.s.WebMvcTestContextBootstrapper : Neither @ContextConfiguration nor @ContextHierarchy found for test class [com.learnkafka.libraryeventsproducer.unit.controller.producer.LibraryControllerUnitTest], using SpringBootContextLoader
2021-06-27 16:07:52.683  INFO 19396 --- [           main] o.s.t.c.support.AbstractContextLoader    : Could not detect default resource locations for test class [com.learnkafka.libraryeventsproducer.unit.controller.producer.LibraryControllerUnitTest]: no resource found for suffixes {-context.xml, Context.groovy}.
2021-06-27 16:07:52.683  INFO 19396 --- [           main] t.c.s.AnnotationConfigContextLoaderUtils : Could not detect default configuration classes for test class [com.learnkafka.libraryeventsproducer.unit.controller.producer.LibraryControllerUnitTest]: LibraryControllerUnitTest does not declare any static, non-private, non-final, nested classes annotated with @Configuration.
2021-06-27 16:07:52.711  INFO 19396 --- [           main] .b.t.c.SpringBootTestContextBootstrapper : Found @SpringBootConfiguration com.learnkafka.libraryeventsproducer.LibraryEventsProducerApplication for test class com.learnkafka.libraryeventsproducer.unit.controller.producer.LibraryControllerUnitTest
2021-06-27 16:07:52.712  INFO 19396 --- [           main] .b.t.a.w.s.WebMvcTestContextBootstrapper : Loaded default TestExecutionListener class names from location [META-INF/spring.factories]: [org.springframework.boot.test.mock.mockito.MockitoTestExecutionListener, org.springframework.boot.test.mock.mockito.ResetMocksTestExecutionListener, org.springframework.boot.test.autoconfigure.restdocs.RestDocsTestExecutionListener, org.springframework.boot.test.autoconfigure.web.client.MockRestServiceServerResetTestExecutionListener, org.springframework.boot.test.autoconfigure.web.servlet.MockMvcPrintOnlyOnFailureTestExecutionListener, org.springframework.boot.test.autoconfigure.web.servlet.WebDriverTestExecutionListener, org.springframework.boot.test.autoconfigure.webservices.client.MockWebServiceServerTestExecutionListener, org.springframework.test.context.web.ServletTestExecutionListener, org.springframework.test.context.support.DirtiesContextBeforeModesTestExecutionListener, org.springframework.test.context.event.ApplicationEventsTestExecutionListener, org.springframework.test.context.support.DependencyInjectionTestExecutionListener, org.springframework.test.context.support.DirtiesContextTestExecutionListener, org.springframework.test.context.transaction.TransactionalTestExecutionListener, org.springframework.test.context.jdbc.SqlScriptsTestExecutionListener, org.springframework.test.context.event.EventPublishingTestExecutionListener]
2021-06-27 16:07:52.713  INFO 19396 --- [           main] .b.t.a.w.s.WebMvcTestContextBootstrapper : Using TestExecutionListeners: [org.springframework.test.context.web.ServletTestExecutionListener@2d705998, org.springframework.test.context.support.DirtiesContextBeforeModesTestExecutionListener@28a3fc34, org.springframework.test.context.event.ApplicationEventsTestExecutionListener@7582a16b, org.springframework.boot.test.mock.mockito.MockitoTestExecutionListener@4dd752e8, org.springframework.boot.test.autoconfigure.SpringBootDependencyInjectionTestExecutionListener@62c46e53, org.springframework.test.context.support.DirtiesContextTestExecutionListener@55317c63, org.springframework.test.context.transaction.TransactionalTestExecutionListener@35d81657, org.springframework.test.context.jdbc.SqlScriptsTestExecutionListener@42ef5216, org.springframework.test.context.event.EventPublishingTestExecutionListener@3180aee, org.springframework.boot.test.mock.mockito.ResetMocksTestExecutionListener@5d94ac8a, org.springframework.boot.test.autoconfigure.restdocs.RestDocsTestExecutionListener@288b73c1, org.springframework.boot.test.autoconfigure.web.client.MockRestServiceServerResetTestExecutionListener@104cfb24, org.springframework.boot.test.autoconfigure.web.servlet.MockMvcPrintOnlyOnFailureTestExecutionListener@5340ccb9, org.springframework.boot.test.autoconfigure.web.servlet.WebDriverTestExecutionListener@2bc8caa7, org.springframework.boot.test.autoconfigure.webservices.client.MockWebServiceServerTestExecutionListener@582ea164]

  .   ____          _            __ _ _
 /\\ / ___'_ __ _ _(_)_ __  __ _ \ \ \ \
( ( )\___ | '_ | '_| | '_ \/ _` | \ \ \ \
 \\/  ___)| |_)| | | | | || (_| |  ) ) ) )
  '  |____| .__|_| |_|_| |_\__, | / / / /
 =========|_|==============|___/=/_/_/_/
 :: Spring Boot ::                (v2.5.1)

2021-06-27 16:07:52.755  INFO 19396 --- [           main] c.l.l.u.c.p.LibraryControllerUnitTest    : Starting LibraryControllerUnitTest using Java 1.8.0-272 on LT196-Sunnys with PID 19396 (started by sunnys in C:\Kafka Code\library-events-producer)
2021-06-27 16:07:52.756  INFO 19396 --- [           main] c.l.l.u.c.p.LibraryControllerUnitTest    : No active profile set, falling back to default profiles: local
2021-06-27 16:07:53.187  INFO 19396 --- [           main] o.s.b.t.m.w.SpringBootMockServletContext : Initializing Spring TestDispatcherServlet ''
2021-06-27 16:07:53.187  INFO 19396 --- [           main] o.s.t.web.servlet.TestDispatcherServlet  : Initializing Servlet ''
2021-06-27 16:07:53.188  INFO 19396 --- [           main] o.s.t.web.servlet.TestDispatcherServlet  : Completed initialization in 1 ms
2021-06-27 16:07:53.202  INFO 19396 --- [           main] c.l.l.u.c.p.LibraryControllerUnitTest    : Started LibraryControllerUnitTest in 0.485 seconds (JVM running for 10.914)
]]></system-out>
  </testcase>
  <testcase name="postLibraryEvent_4xx" classname="com.learnkafka.libraryeventsproducer.unit.controller.producer.LibraryControllerUnitTest" time="0.004">
    <error message="bookId is marked non-null but is null" type="java.lang.NullPointerException">java.lang.NullPointerException: bookId is marked non-null but is null
	at com.learnkafka.libraryeventsproducer.unit.controller.producer.LibraryControllerUnitTest.postLibraryEvent_4xx(LibraryControllerUnitTest.java:54)
</error>
  </testcase>
  <testcase name="updateLibraryEvent_withNullLibraryEventId" classname="com.learnkafka.libraryeventsproducer.unit.controller.producer.LibraryControllerUnitTest" time="0.007">
    <error message="org.hamcrest.core.Is cannot be cast to com.learnkafka.libraryeventsproducer.domain.LibraryEvent" type="java.lang.ClassCastException">java.lang.ClassCastException: org.hamcrest.core.Is cannot be cast to com.learnkafka.libraryeventsproducer.domain.LibraryEvent
	at com.learnkafka.libraryeventsproducer.unit.controller.producer.LibraryControllerUnitTest.updateLibraryEvent_withNullLibraryEventId(LibraryControllerUnitTest.java:92)
</error>
  </testcase>
  <testcase name="updateLibraryEvent" classname="com.learnkafka.libraryeventsproducer.unit.controller.producer.LibraryControllerUnitTest" time="0.005">
    <error message="org.hamcrest.core.Is cannot be cast to com.learnkafka.libraryeventsproducer.domain.LibraryEvent" type="java.lang.ClassCastException">java.lang.ClassCastException: org.hamcrest.core.Is cannot be cast to com.learnkafka.libraryeventsproducer.domain.LibraryEvent
	at com.learnkafka.libraryeventsproducer.unit.controller.producer.LibraryControllerUnitTest.updateLibraryEvent(LibraryControllerUnitTest.java:74)
</error>
  </testcase>
</testsuite>