<?xml version="1.0" encoding="UTF-8"?>
<testsuite xmlns:xsi="http://www.w3.org/2001/XMLSchema-instance" xsi:noNamespaceSchemaLocation="https://maven.apache.org/surefire/maven-surefire-plugin/xsd/surefire-test-report.xsd" name="com.learnkafka.libraryeventsproducer.LibraryEventProducerUnitTest" time="0.833" tests="2" errors="2" skipped="0" failures="0">
  <properties>
[...]
</properties>
  <testcase name="sendLibraryEvent_Approach2_success" classname="com.learnkafka.libraryeventsproducer.LibraryEventProducerUnitTest" time="0.831">
    <error message="org.hamcrest.core.Is cannot be cast to org.apache.kafka.clients.producer.ProducerRecord" type="java.lang.ClassCastException">java.lang.ClassCastException: org.hamcrest.core.Is cannot be cast to org.apache.kafka.clients.producer.ProducerRecord
	at com.learnkafka.libraryeventsproducer.LibraryEventProducerUnitTest.sendLibraryEvent_Approach2_success(LibraryEventProducerUnitTest.java:64)
</error>
    <system-out><![CDATA[2021-06-27 16:07:51.492  INFO 19396 --- [er-event-thread] kafka.controller.KafkaController         : [Controller id=0] Processing automatic preferred replica leader election
]]></system-out>
  </testcase>
  <testcase name="sendLibraryEvent_Approach2_failure" classname="com.learnkafka.libraryeventsproducer.LibraryEventProducerUnitTest" time="0.001">
    <error message="org.hamcrest.core.Is cannot be cast to org.apache.kafka.clients.producer.ProducerRecord" type="java.lang.ClassCastException">java.lang.ClassCastException: org.hamcrest.core.Is cannot be cast to org.apache.kafka.clients.producer.ProducerRecord
	at com.learnkafka.libraryeventsproducer.LibraryEventProducerUnitTest.sendLibraryEvent_Approach2_failure(LibraryEventProducerUnitTest.java:50)
</error>
  </testcase>
</testsuite>